<?xml version="1.0" encoding="UTF-8"?>
<!-- Generated by org.testng.reporters.JUnitReportReporter -->
<testsuite hostname="DESKTOP-J3L9M81" failures="0" tests="2" name="co.uk.automation.Tests.testExample" time="13.993" errors="0" timestamp="2024-08-07T22:24:01 CST" skipped="0">
  <testcase classname="co.uk.automation.Tests.testExample" name="userNameValidation" time="12.538"/>
  <testcase classname="co.uk.automation.Tests.testExample" name="userNameValidation2" time="1.455"/>
</testsuite> <!-- co.uk.automation.Tests.testExample -->
